This file contains any messages produced by compilers while
running configure, to aid debugging if configure makes a mistake.

It was created by configure, which was
generated by GNU Autoconf 2.69.  Invocation command line was

  $ ./configure --no-create --no-recursion

## --------- ##
## Platform. ##
## --------- ##

hostname = samet
uname -m = x86_64
uname -r = 5.15.0-58-generic
uname -s = Linux
uname -v = #64~20.04.1-Ubuntu SMP Fri Jan 6 16:42:31 UTC 2023

/usr/bin/uname -p = x86_64
/bin/uname -X     = unknown

/bin/arch              = x86_64
/usr/bin/arch -k       = unknown
/usr/convex/getsysinfo = unknown
/usr/bin/hostinfo      = unknown
/bin/machine           = unknown
/usr/bin/oslevel       = unknown
/bin/universe          = unknown

PATH: /opt/ros/noetic/bin
PATH: /home/samet/.local/bin
PATH: /usr/local/sbin
PATH: /usr/local/bin
PATH: /usr/sbin
PATH: /usr/bin
PATH: /sbin
PATH: /bin
PATH: /usr/games
PATH: /usr/local/games
PATH: /snap/bin


## ----------- ##
## Core tests. ##
## ----------- ##

configure:2492: checking for a BSD-compatible install
configure:2560: result: /usr/bin/install -c
configure:2571: checking whether build environment is sane
configure:2621: result: yes
configure:2762: checking for a thread-safe mkdir -p
configure:2801: result: /usr/bin/mkdir -p
configure:2814: checking for gawk
configure:2844: result: no
configure:2814: checking for mawk
configure:2830: found /usr/bin/mawk
configure:2841: result: mawk
configure:2852: checking whether make sets $(MAKE)
configure:2874: result: yes
configure:3007: checking for gcc
configure:3023: found /usr/bin/gcc
configure:3034: result: gcc
configure:3263: checking for C compiler version
configure:3272: gcc --version >&5
gcc (Ubuntu 9.4.0-1ubuntu1~20.04.1) 9.4.0
Copyright (C) 2019 Free Software Foundation, Inc.
This is free software; see the source for copying conditions.  There is NO
warranty; not even for MERCHANTABILITY or FITNESS FOR A PARTICULAR PURPOSE.

configure:3283: $? = 0
configure:3272: gcc -v >&5
Using built-in specs.
COLLECT_GCC=gcc
COLLECT_LTO_WRAPPER=/usr/lib/gcc/x86_64-linux-gnu/9/lto-wrapper
OFFLOAD_TARGET_NAMES=nvptx-none:hsa
OFFLOAD_TARGET_DEFAULT=1
Target: x86_64-linux-gnu
Configured with: ../src/configure -v --with-pkgversion='Ubuntu 9.4.0-1ubuntu1~20.04.1' --with-bugurl=file:///usr/share/doc/gcc-9/README.Bugs --enable-languages=c,ada,c++,go,brig,d,fortran,objc,obj-c++,gm2 --prefix=/usr --with-gcc-major-version-only --program-suffix=-9 --program-prefix=x86_64-linux-gnu- --enable-shared --enable-linker-build-id --libexecdir=/usr/lib --without-included-gettext --enable-threads=posix --libdir=/usr/lib --enable-nls --enable-clocale=gnu --enable-libstdcxx-debug --enable-libstdcxx-time=yes --with-default-libstdcxx-abi=new --enable-gnu-unique-object --disable-vtable-verify --enable-plugin --enable-default-pie --with-system-zlib --with-target-system-zlib=auto --enable-objc-gc=auto --enable-multiarch --disable-werror --with-arch-32=i686 --with-abi=m64 --with-multilib-list=m32,m64,mx32 --enable-multilib --with-tune=generic --enable-offload-targets=nvptx-none=/build/gcc-9-Av3uEd/gcc-9-9.4.0/debian/tmp-nvptx/usr,hsa --without-cuda-driver --enable-checking=release --build=x86_64-linux-gnu --host=x86_64-linux-gnu --target=x86_64-linux-gnu
Thread model: posix
gcc version 9.4.0 (Ubuntu 9.4.0-1ubuntu1~20.04.1) 
configure:3283: $? = 0
configure:3272: gcc -V >&5
gcc: error: unrecognized command line option '-V'
gcc: fatal error: no input files
compilation terminated.
configure:3283: $? = 1
configure:3272: gcc -qversion >&5
gcc: error: unrecognized command line option '-qversion'; did you mean '--version'?
gcc: fatal error: no input files
compilation terminated.
configure:3283: $? = 1
configure:3303: checking whether the C compiler works
configure:3325: gcc    conftest.c  >&5
configure:3329: $? = 0
configure:3377: result: yes
configure:3380: checking for C compiler default output file name
configure:3382: result: a.out
configure:3388: checking for suffix of executables
configure:3395: gcc -o conftest    conftest.c  >&5
configure:3399: $? = 0
configure:3421: result: 
configure:3443: checking whether we are cross compiling
configure:3451: gcc -o conftest    conftest.c  >&5
configure:3455: $? = 0
configure:3462: ./conftest
configure:3466: $? = 0
configure:3454: result: no
configure:3459: checking for suffix of object files
configure:3481: gcc -c   conftest.c >&5
configure:3485: $? = 0
configure:3506: result: o
configure:3510: checking whether we are using the GNU C compiler
configure:3529: gcc -c   conftest.c >&5
configure:3529: $? = 0
configure:3538: result: yes
configure:3547: checking whether gcc accepts -g
configure:3567: gcc -c -g  conftest.c >&5
configure:3567: $? = 0
configure:3608: result: yes
configure:3625: checking for gcc option to accept ISO C89
configure:3688: gcc  -c -g -O2  conftest.c >&5
configure:3688: $? = 0
configure:3701: result: none needed
configure:3732: checking for style of include used by make
configure:3760: result: GNU
configure:3785: checking dependency style of gcc
configure:3895: result: gcc3
configure:3939: checking build system type
configure:3953: result: x86_64-unknown-linux-gnu
configure:3973: checking host system type
configure:3986: result: x86_64-unknown-linux-gnu
configure:4006: checking for a sed that does not truncate output
configure:4070: result: /usr/bin/sed
configure:4088: checking for grep that handles long lines and -e
configure:4146: result: /usr/bin/grep
configure:4151: checking for egrep
configure:4213: result: /usr/bin/grep -E
configure:4218: checking for fgrep
configure:4280: result: /usr/bin/grep -F
configure:4315: checking for ld used by gcc
configure:4382: result: /usr/bin/ld
configure:4389: checking if the linker (/usr/bin/ld) is GNU ld
configure:4404: result: yes
configure:4416: checking for BSD- or MS-compatible name lister (nm)
configure:4465: result: /usr/bin/nm -B
configure:4583: checking the name lister (/usr/bin/nm -B) interface
configure:4621: gcc -c -g -O2  conftest.c >&5
configure:4624: /usr/bin/nm -B "conftest.o"
configure:4627: output
0000000000000000 B some_variable
configure:4597: result: BSD nm
configure:4600: checking whether ln -s works
configure:4604: result: yes
configure:4612: checking the maximum length of command line arguments
configure:4732: result: 1572864
configure:4749: checking whether the shell understands some XSI constructs
configure:4758: result: yes
configure:4762: checking whether the shell understands "+="
configure:4766: result: yes
configure:4801: checking for /usr/bin/ld option to reload object files
configure:4808: result: -r
configure:4877: checking for objdump
configure:4893: found /usr/bin/objdump
configure:4904: result: objdump
configure:4936: checking how to recognize dependent libraries
configure:5132: result: pass_all
configure:5192: checking for ar
configure:5208: found /usr/bin/ar
configure:5219: result: ar
configure:5297: checking for strip
configure:5313: found /usr/bin/strip
configure:5324: result: strip
configure:5396: checking for ranlib
configure:5412: found /usr/bin/ranlib
configure:5423: result: ranlib
configure:5513: checking command to parse /usr/bin/nm -B output from gcc object
configure:5631: gcc -c -g -O2  conftest.c >&5
configure:5634: $? = 0
configure:5638: /usr/bin/nm -B conftest.o \| sed -n -e 's/^.*[	 ]\([ABCDGIRSTW][ABCDGIRSTW]*\)[	 ][	 ]*\([_A-Za-z][_A-Za-z0-9]*\)$/\1 \2 \2/p' \> conftest.nm
configure:5641: $? = 0
configure:5695: gcc -o conftest -g -O2   conftest.c conftstm.o >&5
configure:5698: $? = 0
configure:5736: result: ok
configure:5832: gcc -c -g -O2  conftest.c >&5
configure:5835: $? = 0
configure:6545: checking how to run the C preprocessor
configure:6576: gcc -E  conftest.c
configure:6576: $? = 0
configure:6590: gcc -E  conftest.c
conftest.c:11:10: fatal error: ac_nonexistent.h: No such file or directory
   11 | #include <ac_nonexistent.h>
      |          ^~~~~~~~~~~~~~~~~~
compilation terminated.
configure:6590: $? = 1
configure: failed program was:
| /* confdefs.h */
| #define PACKAGE_NAME ""
| #define PACKAGE_TARNAME ""
| #define PACKAGE_VERSION ""
| #define PACKAGE_STRING ""
| #define PACKAGE_BUGREPORT ""
| #define PACKAGE_URL ""
| #define PACKAGE "libbmp"
| #define VERSION "0.1.3"
| /* end confdefs.h.  */
| #include <ac_nonexistent.h>
configure:6615: result: gcc -E
configure:6635: gcc -E  conftest.c
configure:6635: $? = 0
configure:6649: gcc -E  conftest.c
conftest.c:11:10: fatal error: ac_nonexistent.h: No such file or directory
   11 | #include <ac_nonexistent.h>
      |          ^~~~~~~~~~~~~~~~~~
compilation terminated.
configure:6649: $? = 1
configure: failed program was:
| /* confdefs.h */
| #define PACKAGE_NAME ""
| #define PACKAGE_TARNAME ""
| #define PACKAGE_VERSION ""
| #define PACKAGE_STRING ""
| #define PACKAGE_BUGREPORT ""
| #define PACKAGE_URL ""
| #define PACKAGE "libbmp"
| #define VERSION "0.1.3"
| /* end confdefs.h.  */
| #include <ac_nonexistent.h>
configure:6678: checking for ANSI C header files
configure:6698: gcc -c -g -O2  conftest.c >&5
configure:6698: $? = 0
configure:6771: gcc -o conftest -g -O2   conftest.c  >&5
configure:6771: $? = 0
configure:6771: ./conftest
configure:6771: $? = 0
configure:6782: result: yes
configure:6795: checking for sys/types.h
configure:6795: gcc -c -g -O2  conftest.c >&5
configure:6795: $? = 0
configure:6795: result: yes
configure:6795: checking for sys/stat.h
configure:6795: gcc -c -g -O2  conftest.c >&5
configure:6795: $? = 0
configure:6795: result: yes
configure:6795: checking for stdlib.h
configure:6795: gcc -c -g -O2  conftest.c >&5
configure:6795: $? = 0
configure:6795: result: yes
configure:6795: checking for string.h
configure:6795: gcc -c -g -O2  conftest.c >&5
configure:6795: $? = 0
configure:6795: result: yes
configure:6795: checking for memory.h
configure:6795: gcc -c -g -O2  conftest.c >&5
configure:6795: $? = 0
configure:6795: result: yes
configure:6795: checking for strings.h
configure:6795: gcc -c -g -O2  conftest.c >&5
configure:6795: $? = 0
configure:6795: result: yes
configure:6795: checking for inttypes.h
configure:6795: gcc -c -g -O2  conftest.c >&5
configure:6795: $? = 0
configure:6795: result: yes
configure:6795: checking for stdint.h
configure:6795: gcc -c -g -O2  conftest.c >&5
configure:6795: $? = 0
configure:6795: result: yes
configure:6795: checking for unistd.h
configure:6795: gcc -c -g -O2  conftest.c >&5
configure:6795: $? = 0
configure:6795: result: yes
configure:6809: checking for dlfcn.h
configure:6809: gcc -c -g -O2  conftest.c >&5
configure:6809: $? = 0
configure:6809: result: yes
configure:6993: checking for objdir
configure:7008: result: .libs
configure:7304: checking if gcc supports -fno-rtti -fno-exceptions
configure:7362: gcc -c -g -O2  -fno-rtti -fno-exceptions conftest.c >&5
cc1: warning: command line option '-fno-rtti' is valid for C++/D/ObjC++ but not for C
configure:7366: $? = 0
configure:7339: result: no
configure:7359: checking for gcc option to produce PIC
configure:7631: result: -fPIC -DPIC
configure:7643: checking if gcc PIC flag -fPIC -DPIC works
configure:7701: gcc -c -g -O2  -fPIC -DPIC -DPIC conftest.c >&5
configure:7705: $? = 0
configure:7678: result: yes
configure:7702: checking if gcc static flag -static works
configure:7730: result: yes
configure:7745: checking if gcc supports -c -o file.o
configure:7806: gcc -c -g -O2  -o out/conftest2.o conftest.c >&5
configure:7810: $? = 0
configure:7792: result: yes
configure:7800: checking if gcc supports -c -o file.o
configure:7847: result: yes
configure:7880: checking whether the gcc linker (/usr/bin/ld -m elf_x86_64) supports shared libraries
configure:8866: result: yes
configure:8903: checking whether -lc should be explicitly linked in
configure:8908: gcc -c -g -O2  conftest.c >&5
configure:8911: $? = 0
configure:8926: gcc -shared conftest.o  -v -Wl,-soname -Wl,conftest -o conftest 2\>\&1 \| /usr/bin/grep  -lc  \>/dev/null 2\>\&1
configure:8929: $? = 0
configure:8941: result: no
configure:9105: checking dynamic linker characteristics
configure:9551: gcc -o conftest -g -O2   -Wl,-rpath -Wl,/foo conftest.c  >&5
configure:9551: $? = 0
configure:9769: result: GNU/Linux ld.so
configure:9871: checking how to hardcode library paths into programs
configure:9896: result: immediate
configure:10416: checking whether stripping libraries is possible
configure:10421: result: yes
configure:10456: checking if libtool supports shared libraries
configure:10458: result: yes
configure:10461: checking whether to build shared libraries
configure:10482: result: yes
configure:10485: checking whether to build static libraries
configure:10489: result: yes
configure:7798: checking for ANSI C header files
configure:7902: result: yes
configure:7913: checking for stdlib.h
configure:7913: result: yes
configure:7913: checking for string.h
configure:7913: result: yes
configure:7925: checking for size_t
configure:7925: gcc -c -g -O2  conftest.c >&5
configure:7925: $? = 0
configure:7925: gcc -c -g -O2  conftest.c >&5
conftest.c: In function 'main':
conftest.c:62:21: error: expected expression before ')' token
   62 | if (sizeof ((size_t)))
      |                     ^
configure:7925: $? = 1
configure: failed program was:
| /* confdefs.h */
| #define PACKAGE_NAME ""
| #define PACKAGE_TARNAME ""
| #define PACKAGE_VERSION ""
| #define PACKAGE_STRING ""
| #define PACKAGE_BUGREPORT ""
| #define PACKAGE_URL ""
| #define PACKAGE "libbmp"
| #define VERSION "0.1.3"
| #define STDC_HEADERS 1
| #define HAVE_SYS_TYPES_H 1
| #define HAVE_SYS_STAT_H 1
| #define HAVE_STDLIB_H 1
| #define HAVE_STRING_H 1
| #define HAVE_MEMORY_H 1
| #define HAVE_STRINGS_H 1
| #define HAVE_INTTYPES_H 1
| #define HAVE_STDINT_H 1
| #define HAVE_UNISTD_H 1
| #define HAVE_DLFCN_H 1
| #define LT_OBJDIR ".libs/"
| #define STDC_HEADERS 1
| #define HAVE_STDLIB_H 1
| #define HAVE_STRING_H 1
| /* end confdefs.h.  */
| #include <stdio.h>
| #ifdef HAVE_SYS_TYPES_H
| # include <sys/types.h>
| #endif
| #ifdef HAVE_SYS_STAT_H
| # include <sys/stat.h>
| #endif
| #ifdef STDC_HEADERS
| # include <stdlib.h>
| # include <stddef.h>
| #else
| # ifdef HAVE_STDLIB_H
| #  include <stdlib.h>
| # endif
| #endif
| #ifdef HAVE_STRING_H
| # if !defined STDC_HEADERS && defined HAVE_MEMORY_H
| #  include <memory.h>
| # endif
| # include <string.h>
| #endif
| #ifdef HAVE_STRINGS_H
| # include <strings.h>
| #endif
| #ifdef HAVE_INTTYPES_H
| # include <inttypes.h>
| #endif
| #ifdef HAVE_STDINT_H
| # include <stdint.h>
| #endif
| #ifdef HAVE_UNISTD_H
| # include <unistd.h>
| #endif
| int
| main ()
| {
| if (sizeof ((size_t)))
| 	    return 0;
|   ;
|   return 0;
| }
configure:7925: result: yes
configure:7936: checking for uint8_t
configure:7936: gcc -c -g -O2  conftest.c >&5
configure:7936: $? = 0
configure:7936: result: yes
configure:7950: checking for uint16_t
configure:7950: gcc -c -g -O2  conftest.c >&5
configure:7950: $? = 0
configure:7950: result: yes
configure:7962: checking for uint32_t
configure:7962: gcc -c -g -O2  conftest.c >&5
configure:7962: $? = 0
configure:7962: result: yes
configure:7980: checking for stdlib.h
configure:7980: result: yes
configure:7990: checking for GNU libc compatible malloc
configure:8014: gcc -o conftest -g -O2   conftest.c  >&5
configure:8014: $? = 0
configure:8014: ./conftest
configure:8014: $? = 0
configure:8024: result: yes
configure:8185: creating ./config.status

## ---------------- ##
## Cache variables. ##
## ---------------- ##

ac_cv_build=x86_64-unknown-linux-gnu
ac_cv_c_compiler_gnu=yes
ac_cv_c_uint16_t=yes
ac_cv_c_uint32_t=yes
ac_cv_c_uint8_t=yes
ac_cv_env_CC_set=
ac_cv_env_CC_value=
ac_cv_env_CFLAGS_set=
ac_cv_env_CFLAGS_value=
ac_cv_env_CPPFLAGS_set=
ac_cv_env_CPPFLAGS_value=
ac_cv_env_CPP_set=
ac_cv_env_CPP_value=
ac_cv_env_LDFLAGS_set=
ac_cv_env_LDFLAGS_value=
ac_cv_env_LIBS_set=
ac_cv_env_LIBS_value=
ac_cv_env_build_alias_set=
ac_cv_env_build_alias_value=
ac_cv_env_host_alias_set=
ac_cv_env_host_alias_value=
ac_cv_env_target_alias_set=
ac_cv_env_target_alias_value=
ac_cv_func_malloc_0_nonnull=yes
ac_cv_header_dlfcn_h=yes
ac_cv_header_inttypes_h=yes
ac_cv_header_memory_h=yes
ac_cv_header_stdc=yes
ac_cv_header_stdint_h=yes
ac_cv_header_stdlib_h=yes
ac_cv_header_string_h=yes
ac_cv_header_strings_h=yes
ac_cv_header_sys_stat_h=yes
ac_cv_header_sys_types_h=yes
ac_cv_header_unistd_h=yes
ac_cv_host=x86_64-unknown-linux-gnu
ac_cv_objext=o
ac_cv_path_EGREP='/usr/bin/grep -E'
ac_cv_path_FGREP='/usr/bin/grep -F'
ac_cv_path_GREP=/usr/bin/grep
ac_cv_path_SED=/usr/bin/sed
ac_cv_path_install='/usr/bin/install -c'
ac_cv_path_mkdir=/usr/bin/mkdir
ac_cv_prog_AWK=mawk
ac_cv_prog_CPP='gcc -E'
ac_cv_prog_ac_ct_AR=ar
ac_cv_prog_ac_ct_CC=gcc
ac_cv_prog_ac_ct_OBJDUMP=objdump
ac_cv_prog_ac_ct_RANLIB=ranlib
ac_cv_prog_ac_ct_STRIP=strip
ac_cv_prog_cc_c89=
ac_cv_prog_cc_g=yes
ac_cv_prog_make_make_set=yes
ac_cv_type_size_t=yes
am_cv_CC_dependencies_compiler_type=gcc3
lt_cv_deplibs_check_method=pass_all
lt_cv_file_magic_cmd='$MAGIC_CMD'
lt_cv_file_magic_test_file=
lt_cv_ld_reload_flag=-r
lt_cv_nm_interface='BSD nm'
lt_cv_objdir=.libs
lt_cv_path_LD=/usr/bin/ld
lt_cv_path_NM='/usr/bin/nm -B'
lt_cv_prog_compiler_c_o=yes
lt_cv_prog_compiler_pic_works=yes
lt_cv_prog_compiler_rtti_exceptions=no
lt_cv_prog_compiler_static_works=yes
lt_cv_prog_gnu_ld=yes
lt_cv_sys_global_symbol_pipe='sed -n -e '\''s/^.*[	 ]\([ABCDGIRSTW][ABCDGIRSTW]*\)[	 ][	 ]*\([_A-Za-z][_A-Za-z0-9]*\)$/\1 \2 \2/p'\'''
lt_cv_sys_global_symbol_to_c_name_address='sed -n -e '\''s/^: \([^ ]*\) $/  {\"\1\", (void *) 0},/p'\'' -e '\''s/^[ABCDGIRSTW]* \([^ ]*\) \([^ ]*\)$/  {"\2", (void *) \&\2},/p'\'''
lt_cv_sys_global_symbol_to_c_name_address_lib_prefix='sed -n -e '\''s/^: \([^ ]*\) $/  {\"\1\", (void *) 0},/p'\'' -e '\''s/^[ABCDGIRSTW]* \([^ ]*\) \(lib[^ ]*\)$/  {"\2", (void *) \&\2},/p'\'' -e '\''s/^[ABCDGIRSTW]* \([^ ]*\) \([^ ]*\)$/  {"lib\2", (void *) \&\2},/p'\'''
lt_cv_sys_global_symbol_to_cdecl='sed -n -e '\''s/^T .* \(.*\)$/extern int \1();/p'\'' -e '\''s/^[ABCDGIRSTW]* .* \(.*\)$/extern char \1;/p'\'''
lt_cv_sys_max_cmd_len=1572864

## ----------------- ##
## Output variables. ##
## ----------------- ##

ACLOCAL='${SHELL} /home/samet/Desktop/ARP_assignments/assignment_3/libbitmap/missing --run aclocal-1.11'
AMDEPBACKSLASH='\'
AMDEP_FALSE='#'
AMDEP_TRUE=''
AMTAR='${SHELL} /home/samet/Desktop/ARP_assignments/assignment_3/libbitmap/missing --run tar'
AR='ar'
AUTOCONF='${SHELL} /home/samet/Desktop/ARP_assignments/assignment_3/libbitmap/missing --run autoconf'
AUTOHEADER='${SHELL} /home/samet/Desktop/ARP_assignments/assignment_3/libbitmap/missing --run autoheader'
AUTOMAKE='${SHELL} /home/samet/Desktop/ARP_assignments/assignment_3/libbitmap/missing --run automake-1.11'
AWK='mawk'
CC='gcc'
CCDEPMODE='depmode=gcc3'
CFLAGS='-g -O2'
CPP='gcc -E'
CPPFLAGS=''
CYGPATH_W='echo'
DEFS='-DHAVE_CONFIG_H'
DEPDIR='.deps'
DSYMUTIL=''
DUMPBIN=''
ECHO_C=''
ECHO_N='-n'
ECHO_T=''
EGREP='/usr/bin/grep -E'
EXEEXT=''
FGREP='/usr/bin/grep -F'
GREP='/usr/bin/grep'
INSTALL_DATA='${INSTALL} -m 644'
INSTALL_PROGRAM='${INSTALL}'
INSTALL_SCRIPT='${INSTALL}'
INSTALL_STRIP_PROGRAM='$(install_sh) -c -s'
LD='/usr/bin/ld -m elf_x86_64'
LDFLAGS=''
LIBOBJS=''
LIBS=''
LIBTOOL='$(SHELL) $(top_builddir)/libtool'
LIPO=''
LN_S='ln -s'
LTLIBOBJS=''
LT_AGE='101'
LT_CURRENT='101'
LT_CURRENT_MINUS_AGE='0'
LT_RELEASE='0.1'
LT_REVISION='2'
MAKEINFO='${SHELL} /home/samet/Desktop/ARP_assignments/assignment_3/libbitmap/missing --run makeinfo'
MKDIR_P='/usr/bin/mkdir -p'
NM='/usr/bin/nm -B'
NMEDIT=''
OBJDUMP='objdump'
OBJEXT='o'
OTOOL64=''
OTOOL=''
PACKAGE='libbmp'
PACKAGE_BUGREPORT=''
PACKAGE_NAME='libbmp'
PACKAGE_STRING=''
PACKAGE_TARNAME=''
PACKAGE_URL=''
PACKAGE_VERSION='0.1.3'
PATH_SEPARATOR=':'
RANLIB='ranlib'
SED='/usr/bin/sed'
SET_MAKE=''
SHELL='/bin/bash'
STRIP='strip'
VERSION='0.1.3'
ac_ct_CC='gcc'
ac_ct_DUMPBIN=''
am__EXEEXT_FALSE=''
am__EXEEXT_TRUE='#'
am__fastdepCC_FALSE='#'
am__fastdepCC_TRUE=''
am__include='include'
am__isrc=''
am__leading_dot='.'
am__quote=''
am__tar='${AMTAR} chof - "$$tardir"'
am__untar='${AMTAR} xf -'
bindir='${exec_prefix}/bin'
build='x86_64-unknown-linux-gnu'
build_alias=''
build_cpu='x86_64'
build_os='linux-gnu'
build_vendor='unknown'
datadir='${datarootdir}'
datarootdir='${prefix}/share'
docdir='${datarootdir}/doc/${PACKAGE}'
dvidir='${docdir}'
exec_prefix='${prefix}'
host='x86_64-unknown-linux-gnu'
host_alias=''
host_cpu='x86_64'
host_os='linux-gnu'
host_vendor='unknown'
htmldir='${docdir}'
includedir='${prefix}/include'
infodir='${datarootdir}/info'
install_sh='${SHELL} /home/samet/Desktop/ARP_assignments/assignment_3/libbitmap/install-sh'
libdir='${exec_prefix}/lib'
libexecdir='${exec_prefix}/libexec'
localedir='${datarootdir}/locale'
localstatedir='${prefix}/var'
lt_ECHO='echo'
mandir='${datarootdir}/man'
mkdir_p='/usr/bin/mkdir -p'
oldincludedir='/usr/include'
pdfdir='${docdir}'
prefix='/usr/local'
program_transform_name='s,x,x,'
psdir='${docdir}'
runstatedir='${localstatedir}/run'
sbindir='${exec_prefix}/sbin'
sharedstatedir='${prefix}/com'
sysconfdir='${prefix}/etc'
target_alias=''

## ----------- ##
## confdefs.h. ##
## ----------- ##

/* confdefs.h */
#define PACKAGE_NAME ""
#define PACKAGE_TARNAME ""
#define PACKAGE_VERSION ""
#define PACKAGE_STRING ""
#define PACKAGE_BUGREPORT ""
#define PACKAGE_URL ""
#define PACKAGE "libbmp"
#define VERSION "0.1.3"
#define STDC_HEADERS 1
#define HAVE_SYS_TYPES_H 1
#define HAVE_SYS_STAT_H 1
#define HAVE_STDLIB_H 1
#define HAVE_STRING_H 1
#define HAVE_MEMORY_H 1
#define HAVE_STRINGS_H 1
#define HAVE_INTTYPES_H 1
#define HAVE_STDINT_H 1
#define HAVE_UNISTD_H 1
#define HAVE_DLFCN_H 1
#define LT_OBJDIR ".libs/"
#define STDC_HEADERS 1
#define HAVE_STDLIB_H 1
#define HAVE_STRING_H 1
#define HAVE_STDLIB_H 1
#define HAVE_MALLOC 1

configure: exit 0

## ---------------------- ##
## Running config.status. ##
## ---------------------- ##

This file was extended by config.status, which was
generated by GNU Autoconf 2.69.  Invocation command line was

  CONFIG_FILES    = 
  CONFIG_HEADERS  = 
  CONFIG_LINKS    = 
  CONFIG_COMMANDS = 
  $ ./config.status 

on samet

config.status:1070: creating libbmp.pc
config.status:1070: creating Makefile
config.status:1070: creating src/Makefile
config.status:1070: creating test/Makefile
config.status:1070: creating build/Makefile
config.status:1070: creating config.h
config.status:1251: config.h is unchanged
config.status:1299: executing depfiles commands
config.status:1299: executing libtool commands

## ---------------------- ##
## Running config.status. ##
## ---------------------- ##

This file was extended by config.status, which was
generated by GNU Autoconf 2.69.  Invocation command line was

  CONFIG_FILES    = 
  CONFIG_HEADERS  = 
  CONFIG_LINKS    = 
  CONFIG_COMMANDS = 
  $ ./config.status config.h

on samet

config.status:1070: creating config.h
config.status:1251: config.h is unchanged
